22-07-2022 00:31:50.638 INFO org.springframework.boot.StartupInfoLogger [main] Starting ReportexApplication using Java 1.8.0_202 on DESKTOP-1FHAGA2 with PID 16788 (D:\MyWork\Reportex\target\classes started by 99470 in D:\MyWork\Reportex)
22-07-2022 00:31:50.642 INFO org.springframework.boot.SpringApplication [main] The following 1 profile is active: "dev"
22-07-2022 00:31:51.272 INFO org.springframework.data.repository.config.RepositoryConfigurationDelegate [main] Bootstrapping Spring Data JPA repositories in DEFAULT mode.
22-07-2022 00:31:51.319 INFO org.springframework.data.repository.config.RepositoryConfigurationDelegate [main] Finished Spring Data repository scanning in 41 ms. Found 1 JPA repository interfaces.
22-07-2022 00:31:51.701 INFO org.springframework.boot.web.embedded.tomcat.TomcatWebServer [main] Tomcat initialized with port(s): 5555 (http)
22-07-2022 00:31:51.707 INFO org.apache.juli.logging.DirectJDKLog [main] Starting service [Tomcat]
22-07-2022 00:31:51.707 INFO org.apache.juli.logging.DirectJDKLog [main] Starting Servlet engine: [Apache Tomcat/9.0.63]
22-07-2022 00:31:51.849 INFO org.apache.juli.logging.DirectJDKLog [main] Initializing Spring embedded WebApplicationContext
22-07-2022 00:31:51.849 INFO org.springframework.boot.web.servlet.context.ServletWebServerApplicationContext [main] Root WebApplicationContext: initialization completed in 1178 ms
22-07-2022 00:31:52.496 INFO org.hibernate.jpa.internal.util.LogHelper [main] HHH000204: Processing PersistenceUnitInfo [name: default]
22-07-2022 00:31:52.569 INFO org.hibernate.Version [main] HHH000412: Hibernate ORM core version 5.6.9.Final
22-07-2022 00:31:52.671 INFO org.hibernate.annotations.common.reflection.java.JavaReflectionManager [main] HCANN000001: Hibernate Commons Annotations {5.1.2.Final}
22-07-2022 00:31:52.769 INFO com.zaxxer.hikari.HikariDataSource [main] HikariPool-1 - Starting...
22-07-2022 00:31:54.305 INFO com.zaxxer.hikari.HikariDataSource [main] HikariPool-1 - Start completed.
22-07-2022 00:31:54.315 INFO org.hibernate.dialect.Dialect [main] HHH000400: Using dialect: org.hibernate.dialect.PostgreSQL95Dialect
22-07-2022 00:31:55.315 INFO org.hibernate.engine.transaction.jta.platform.internal.JtaPlatformInitiator [main] HHH000490: Using JtaPlatform implementation: [org.hibernate.engine.transaction.jta.platform.internal.NoJtaPlatform]
22-07-2022 00:31:55.323 INFO org.springframework.orm.jpa.AbstractEntityManagerFactoryBean [main] Initialized JPA EntityManagerFactory for persistence unit 'default'
22-07-2022 00:31:55.365 WARN org.springframework.boot.autoconfigure.orm.jpa.JpaBaseConfiguration$JpaWebConfiguration [main] spring.jpa.open-in-view is enabled by default. Therefore, database queries may be performed during view rendering. Explicitly configure spring.jpa.open-in-view to disable this warning
22-07-2022 00:31:55.987 INFO org.springframework.security.web.DefaultSecurityFilterChain [main] Will secure any request with [org.springframework.security.web.session.DisableEncodeUrlFilter@1ad1be5d, org.springframework.security.web.context.request.async.WebAsyncManagerIntegrationFilter@47797401, org.springframework.security.web.context.SecurityContextPersistenceFilter@1bbb42b4, org.springframework.security.web.header.HeaderWriterFilter@789dd6bf, org.springframework.security.web.authentication.logout.LogoutFilter@40a8a26f, com.reportex.Auth.JwtTokenFilter@599e4d41, org.springframework.security.web.savedrequest.RequestCacheAwareFilter@603d25db, org.springframework.security.web.servletapi.SecurityContextHolderAwareRequestFilter@39a3984c, org.springframework.security.web.authentication.AnonymousAuthenticationFilter@702f4124, org.springframework.security.web.session.SessionManagementFilter@7ab1ad9, org.springframework.security.web.access.ExceptionTranslationFilter@38fb151a, org.springframework.security.web.access.intercept.FilterSecurityInterceptor@324e8baa]
22-07-2022 00:31:56.212 INFO org.springframework.boot.web.embedded.tomcat.TomcatWebServer [main] Tomcat started on port(s): 5555 (http) with context path ''
22-07-2022 00:31:56.218 INFO springfox.documentation.spring.web.plugins.DocumentationPluginsBootstrapper [main] Context refreshed
22-07-2022 00:31:56.229 INFO springfox.documentation.spring.web.plugins.DocumentationPluginsBootstrapper [main] Found 1 custom documentation plugin(s)
22-07-2022 00:31:56.235 INFO springfox.documentation.spring.web.scanners.ApiListingReferenceScanner [main] Scanning for api listing references
22-07-2022 00:31:56.328 INFO org.springframework.boot.StartupInfoLogger [main] Started ReportexApplication in 6.178 seconds (JVM running for 7.105)
22-07-2022 00:32:08.947 INFO org.apache.juli.logging.DirectJDKLog [http-nio-5555-exec-3] Initializing Spring DispatcherServlet 'dispatcherServlet'
22-07-2022 00:32:08.947 INFO org.springframework.web.servlet.FrameworkServlet [http-nio-5555-exec-3] Initializing Servlet 'dispatcherServlet'
22-07-2022 00:32:08.948 INFO org.springframework.web.servlet.FrameworkServlet [http-nio-5555-exec-3] Completed initialization in 1 ms
22-07-2022 00:32:54.323 INFO org.springframework.boot.StartupInfoLogger [main] Starting ReportexApplication using Java 1.8.0_202 on DESKTOP-1FHAGA2 with PID 12060 (D:\MyWork\Reportex\target\classes started by 99470 in D:\MyWork\Reportex)
22-07-2022 00:32:54.326 INFO org.springframework.boot.SpringApplication [main] The following 1 profile is active: "dev"
22-07-2022 00:32:54.900 INFO org.springframework.data.repository.config.RepositoryConfigurationDelegate [main] Bootstrapping Spring Data JPA repositories in DEFAULT mode.
22-07-2022 00:32:54.949 INFO org.springframework.data.repository.config.RepositoryConfigurationDelegate [main] Finished Spring Data repository scanning in 43 ms. Found 1 JPA repository interfaces.
22-07-2022 00:32:55.293 INFO org.springframework.boot.web.embedded.tomcat.TomcatWebServer [main] Tomcat initialized with port(s): 5555 (http)
22-07-2022 00:32:55.299 INFO org.apache.juli.logging.DirectJDKLog [main] Starting service [Tomcat]
22-07-2022 00:32:55.299 INFO org.apache.juli.logging.DirectJDKLog [main] Starting Servlet engine: [Apache Tomcat/9.0.63]
22-07-2022 00:32:55.428 INFO org.apache.juli.logging.DirectJDKLog [main] Initializing Spring embedded WebApplicationContext
22-07-2022 00:32:55.428 INFO org.springframework.boot.web.servlet.context.ServletWebServerApplicationContext [main] Root WebApplicationContext: initialization completed in 1068 ms
22-07-2022 00:32:56.061 INFO org.hibernate.jpa.internal.util.LogHelper [main] HHH000204: Processing PersistenceUnitInfo [name: default]
22-07-2022 00:32:56.129 INFO org.hibernate.Version [main] HHH000412: Hibernate ORM core version 5.6.9.Final
22-07-2022 00:32:56.224 INFO org.hibernate.annotations.common.reflection.java.JavaReflectionManager [main] HCANN000001: Hibernate Commons Annotations {5.1.2.Final}
22-07-2022 00:32:56.293 INFO com.zaxxer.hikari.HikariDataSource [main] HikariPool-1 - Starting...
22-07-2022 00:32:58.679 INFO com.zaxxer.hikari.HikariDataSource [main] HikariPool-1 - Start completed.
22-07-2022 00:32:58.689 INFO org.hibernate.dialect.Dialect [main] HHH000400: Using dialect: org.hibernate.dialect.PostgreSQL95Dialect
22-07-2022 00:32:59.635 INFO org.hibernate.engine.transaction.jta.platform.internal.JtaPlatformInitiator [main] HHH000490: Using JtaPlatform implementation: [org.hibernate.engine.transaction.jta.platform.internal.NoJtaPlatform]
22-07-2022 00:32:59.644 INFO org.springframework.orm.jpa.AbstractEntityManagerFactoryBean [main] Initialized JPA EntityManagerFactory for persistence unit 'default'
22-07-2022 00:32:59.691 WARN org.springframework.boot.autoconfigure.orm.jpa.JpaBaseConfiguration$JpaWebConfiguration [main] spring.jpa.open-in-view is enabled by default. Therefore, database queries may be performed during view rendering. Explicitly configure spring.jpa.open-in-view to disable this warning
22-07-2022 00:33:00.269 INFO org.springframework.security.web.DefaultSecurityFilterChain [main] Will secure any request with [org.springframework.security.web.session.DisableEncodeUrlFilter@13dd7887, org.springframework.security.web.context.request.async.WebAsyncManagerIntegrationFilter@780129bc, org.springframework.security.web.context.SecurityContextPersistenceFilter@6e7e0259, org.springframework.security.web.header.HeaderWriterFilter@3f9f8d23, org.springframework.security.web.authentication.logout.LogoutFilter@5aa7cfdf, com.reportex.Auth.JwtTokenFilter@56da7487, org.springframework.security.web.savedrequest.RequestCacheAwareFilter@5501d1c8, org.springframework.security.web.servletapi.SecurityContextHolderAwareRequestFilter@3c346c45, org.springframework.security.web.authentication.AnonymousAuthenticationFilter@3e2c4d4b, org.springframework.security.web.session.SessionManagementFilter@4d2f9e3c, org.springframework.security.web.access.ExceptionTranslationFilter@965bcbc, org.springframework.security.web.access.intercept.FilterSecurityInterceptor@7221539]
22-07-2022 00:33:00.485 INFO org.springframework.boot.web.embedded.tomcat.TomcatWebServer [main] Tomcat started on port(s): 5555 (http) with context path ''
22-07-2022 00:33:00.490 INFO springfox.documentation.spring.web.plugins.DocumentationPluginsBootstrapper [main] Context refreshed
22-07-2022 00:33:00.501 INFO springfox.documentation.spring.web.plugins.DocumentationPluginsBootstrapper [main] Found 1 custom documentation plugin(s)
22-07-2022 00:33:00.507 INFO springfox.documentation.spring.web.scanners.ApiListingReferenceScanner [main] Scanning for api listing references
22-07-2022 00:33:00.704 INFO org.springframework.boot.StartupInfoLogger [main] Started ReportexApplication in 6.781 seconds (JVM running for 7.837)
22-07-2022 00:33:08.968 INFO org.apache.juli.logging.DirectJDKLog [http-nio-5555-exec-2] Initializing Spring DispatcherServlet 'dispatcherServlet'
22-07-2022 00:33:08.968 INFO org.springframework.web.servlet.FrameworkServlet [http-nio-5555-exec-2] Initializing Servlet 'dispatcherServlet'
22-07-2022 00:33:08.969 INFO org.springframework.web.servlet.FrameworkServlet [http-nio-5555-exec-2] Completed initialization in 1 ms
22-07-2022 00:34:51.532 INFO org.springframework.boot.StartupInfoLogger [main] Starting ReportexApplication using Java 1.8.0_202 on DESKTOP-1FHAGA2 with PID 14172 (D:\MyWork\Reportex\target\classes started by 99470 in D:\MyWork\Reportex)
22-07-2022 00:34:51.537 INFO org.springframework.boot.SpringApplication [main] The following 1 profile is active: "dev"
22-07-2022 00:34:52.267 INFO org.springframework.data.repository.config.RepositoryConfigurationDelegate [main] Bootstrapping Spring Data JPA repositories in DEFAULT mode.
22-07-2022 00:34:52.315 INFO org.springframework.data.repository.config.RepositoryConfigurationDelegate [main] Finished Spring Data repository scanning in 42 ms. Found 1 JPA repository interfaces.
22-07-2022 00:34:52.668 INFO org.springframework.boot.web.embedded.tomcat.TomcatWebServer [main] Tomcat initialized with port(s): 5555 (http)
22-07-2022 00:34:52.673 INFO org.apache.juli.logging.DirectJDKLog [main] Starting service [Tomcat]
22-07-2022 00:34:52.673 INFO org.apache.juli.logging.DirectJDKLog [main] Starting Servlet engine: [Apache Tomcat/9.0.63]
22-07-2022 00:34:52.795 INFO org.apache.juli.logging.DirectJDKLog [main] Initializing Spring embedded WebApplicationContext
22-07-2022 00:34:52.795 INFO org.springframework.boot.web.servlet.context.ServletWebServerApplicationContext [main] Root WebApplicationContext: initialization completed in 1200 ms
22-07-2022 00:34:53.433 INFO org.hibernate.jpa.internal.util.LogHelper [main] HHH000204: Processing PersistenceUnitInfo [name: default]
22-07-2022 00:34:53.503 INFO org.hibernate.Version [main] HHH000412: Hibernate ORM core version 5.6.9.Final
22-07-2022 00:34:53.602 INFO org.hibernate.annotations.common.reflection.java.JavaReflectionManager [main] HCANN000001: Hibernate Commons Annotations {5.1.2.Final}
22-07-2022 00:34:53.682 INFO com.zaxxer.hikari.HikariDataSource [main] HikariPool-1 - Starting...
22-07-2022 00:34:55.146 INFO com.zaxxer.hikari.HikariDataSource [main] HikariPool-1 - Start completed.
22-07-2022 00:34:55.156 INFO org.hibernate.dialect.Dialect [main] HHH000400: Using dialect: org.hibernate.dialect.PostgreSQL95Dialect
22-07-2022 00:34:56.150 INFO org.hibernate.engine.transaction.jta.platform.internal.JtaPlatformInitiator [main] HHH000490: Using JtaPlatform implementation: [org.hibernate.engine.transaction.jta.platform.internal.NoJtaPlatform]
22-07-2022 00:34:56.158 INFO org.springframework.orm.jpa.AbstractEntityManagerFactoryBean [main] Initialized JPA EntityManagerFactory for persistence unit 'default'
22-07-2022 00:34:56.187 WARN org.springframework.boot.autoconfigure.orm.jpa.JpaBaseConfiguration$JpaWebConfiguration [main] spring.jpa.open-in-view is enabled by default. Therefore, database queries may be performed during view rendering. Explicitly configure spring.jpa.open-in-view to disable this warning
22-07-2022 00:34:56.777 INFO org.springframework.security.web.DefaultSecurityFilterChain [main] Will secure any request with [org.springframework.security.web.session.DisableEncodeUrlFilter@702f4124, org.springframework.security.web.context.request.async.WebAsyncManagerIntegrationFilter@10166230, org.springframework.security.web.context.SecurityContextPersistenceFilter@603d25db, org.springframework.security.web.header.HeaderWriterFilter@38929da, org.springframework.security.web.authentication.logout.LogoutFilter@177ddd24, com.reportex.Auth.JwtTokenFilter@40e37b06, org.springframework.security.web.savedrequest.RequestCacheAwareFilter@48b3b1b8, org.springframework.security.web.servletapi.SecurityContextHolderAwareRequestFilter@671da0f9, org.springframework.security.web.authentication.AnonymousAuthenticationFilter@7221539, org.springframework.security.web.session.SessionManagementFilter@1bbb42b4, org.springframework.security.web.access.ExceptionTranslationFilter@1b60d324, org.springframework.security.web.access.intercept.FilterSecurityInterceptor@604f376a]
22-07-2022 00:34:57.010 INFO org.springframework.boot.web.embedded.tomcat.TomcatWebServer [main] Tomcat started on port(s): 5555 (http) with context path ''
22-07-2022 00:34:57.016 INFO springfox.documentation.spring.web.plugins.DocumentationPluginsBootstrapper [main] Context refreshed
22-07-2022 00:34:57.025 INFO springfox.documentation.spring.web.plugins.DocumentationPluginsBootstrapper [main] Found 1 custom documentation plugin(s)
22-07-2022 00:34:57.032 INFO springfox.documentation.spring.web.scanners.ApiListingReferenceScanner [main] Scanning for api listing references
22-07-2022 00:34:57.131 INFO org.springframework.boot.StartupInfoLogger [main] Started ReportexApplication in 6.163 seconds (JVM running for 7.092)
22-07-2022 00:35:07.884 INFO org.apache.juli.logging.DirectJDKLog [http-nio-5555-exec-3] Initializing Spring DispatcherServlet 'dispatcherServlet'
22-07-2022 00:35:07.884 INFO org.springframework.web.servlet.FrameworkServlet [http-nio-5555-exec-3] Initializing Servlet 'dispatcherServlet'
22-07-2022 00:35:07.885 INFO org.springframework.web.servlet.FrameworkServlet [http-nio-5555-exec-3] Completed initialization in 1 ms
22-07-2022 00:52:29.169 INFO org.springframework.boot.StartupInfoLogger [main] Starting ReportexApplication using Java 1.8.0_202 on DESKTOP-1FHAGA2 with PID 7552 (D:\MyWork\Reportex\target\classes started by 99470 in D:\MyWork\Reportex)
22-07-2022 00:52:29.172 INFO org.springframework.boot.SpringApplication [main] The following 1 profile is active: "dev"
22-07-2022 00:52:29.810 INFO org.springframework.data.repository.config.RepositoryConfigurationDelegate [main] Bootstrapping Spring Data JPA repositories in DEFAULT mode.
22-07-2022 00:52:29.853 INFO org.springframework.data.repository.config.RepositoryConfigurationDelegate [main] Finished Spring Data repository scanning in 36 ms. Found 1 JPA repository interfaces.
22-07-2022 00:52:30.263 INFO org.springframework.boot.web.embedded.tomcat.TomcatWebServer [main] Tomcat initialized with port(s): 5555 (http)
22-07-2022 00:52:30.269 INFO org.apache.juli.logging.DirectJDKLog [main] Starting service [Tomcat]
22-07-2022 00:52:30.270 INFO org.apache.juli.logging.DirectJDKLog [main] Starting Servlet engine: [Apache Tomcat/9.0.63]
22-07-2022 00:52:30.415 INFO org.apache.juli.logging.DirectJDKLog [main] Initializing Spring embedded WebApplicationContext
22-07-2022 00:52:30.415 INFO org.springframework.boot.web.servlet.context.ServletWebServerApplicationContext [main] Root WebApplicationContext: initialization completed in 1208 ms
22-07-2022 00:52:31.105 INFO org.hibernate.jpa.internal.util.LogHelper [main] HHH000204: Processing PersistenceUnitInfo [name: default]
22-07-2022 00:52:31.142 INFO org.hibernate.Version [main] HHH000412: Hibernate ORM core version 5.6.9.Final
22-07-2022 00:52:31.258 INFO org.hibernate.annotations.common.reflection.java.JavaReflectionManager [main] HCANN000001: Hibernate Commons Annotations {5.1.2.Final}
22-07-2022 00:52:31.342 INFO com.zaxxer.hikari.HikariDataSource [main] HikariPool-1 - Starting...
22-07-2022 00:52:32.811 INFO com.zaxxer.hikari.HikariDataSource [main] HikariPool-1 - Start completed.
22-07-2022 00:52:32.823 INFO org.hibernate.dialect.Dialect [main] HHH000400: Using dialect: org.hibernate.dialect.PostgreSQL95Dialect
22-07-2022 00:52:33.851 INFO org.hibernate.engine.transaction.jta.platform.internal.JtaPlatformInitiator [main] HHH000490: Using JtaPlatform implementation: [org.hibernate.engine.transaction.jta.platform.internal.NoJtaPlatform]
22-07-2022 00:52:33.860 INFO org.springframework.orm.jpa.AbstractEntityManagerFactoryBean [main] Initialized JPA EntityManagerFactory for persistence unit 'default'
22-07-2022 00:52:33.903 WARN org.springframework.boot.autoconfigure.orm.jpa.JpaBaseConfiguration$JpaWebConfiguration [main] spring.jpa.open-in-view is enabled by default. Therefore, database queries may be performed during view rendering. Explicitly configure spring.jpa.open-in-view to disable this warning
22-07-2022 00:52:34.429 WARN org.springframework.context.support.AbstractApplicationContext [main] Exception encountered during context initialization - cancelling refresh attempt: org.springframework.beans.factory.UnsatisfiedDependencyException: Error creating bean with name 'documentationPluginsBootstrapper' defined in URL [jar:file:/C:/Users/99470/.m2/repository/io/springfox/springfox-spring-web/2.4.0/springfox-spring-web-2.4.0.jar!/springfox/documentation/spring/web/plugins/DocumentationPluginsBootstrapper.class]: Unsatisfied dependency expressed through constructor parameter 1; nested exception is org.springframework.beans.factory.UnsatisfiedDependencyException: Error creating bean with name 'webMvcRequestHandlerProvider' defined in URL [jar:file:/C:/Users/99470/.m2/repository/io/springfox/springfox-spring-web/2.4.0/springfox-spring-web-2.4.0.jar!/springfox/documentation/spring/web/plugins/WebMvcRequestHandlerProvider.class]: Unsatisfied dependency expressed through constructor parameter 0; nested exception is org.springframework.beans.factory.BeanCreationException: Error creating bean with name 'requestMappingHandlerMapping' defined in class path resource [org/springframework/boot/autoconfigure/web/servlet/WebMvcAutoConfiguration$EnableWebMvcConfiguration.class]: Invocation of init method failed; nested exception is java.lang.IllegalStateException: Ambiguous mapping. Cannot map 'userController' method 
com.reportex.Controller.UserController#getAllUser()
to {GET [/user]}: There is already 'userController' bean method
com.reportex.Controller.UserController#getUserById(int) mapped.
22-07-2022 00:52:34.430 INFO org.springframework.orm.jpa.AbstractEntityManagerFactoryBean [main] Closing JPA EntityManagerFactory for persistence unit 'default'
22-07-2022 00:52:34.431 INFO com.zaxxer.hikari.HikariDataSource [main] HikariPool-1 - Shutdown initiated...
22-07-2022 00:52:35.046 INFO com.zaxxer.hikari.HikariDataSource [main] HikariPool-1 - Shutdown completed.
22-07-2022 00:52:35.048 INFO org.apache.juli.logging.DirectJDKLog [main] Stopping service [Tomcat]
22-07-2022 00:52:35.057 INFO org.springframework.boot.autoconfigure.logging.ConditionEvaluationReportLoggingListener [main] 

Error starting ApplicationContext. To display the conditions report re-run your application with 'debug' enabled.
22-07-2022 00:52:35.086 ERROR org.springframework.boot.SpringApplication [main] Application run failed
org.springframework.beans.factory.UnsatisfiedDependencyException: Error creating bean with name 'documentationPluginsBootstrapper' defined in URL [jar:file:/C:/Users/99470/.m2/repository/io/springfox/springfox-spring-web/2.4.0/springfox-spring-web-2.4.0.jar!/springfox/documentation/spring/web/plugins/DocumentationPluginsBootstrapper.class]: Unsatisfied dependency expressed through constructor parameter 1; nested exception is org.springframework.beans.factory.UnsatisfiedDependencyException: Error creating bean with name 'webMvcRequestHandlerProvider' defined in URL [jar:file:/C:/Users/99470/.m2/repository/io/springfox/springfox-spring-web/2.4.0/springfox-spring-web-2.4.0.jar!/springfox/documentation/spring/web/plugins/WebMvcRequestHandlerProvider.class]: Unsatisfied dependency expressed through constructor parameter 0; nested exception is org.springframework.beans.factory.BeanCreationException: Error creating bean with name 'requestMappingHandlerMapping' defined in class path resource [org/springframework/boot/autoconfigure/web/servlet/WebMvcAutoConfiguration$EnableWebMvcConfiguration.class]: Invocation of init method failed; nested exception is java.lang.IllegalStateException: Ambiguous mapping. Cannot map 'userController' method 
com.reportex.Controller.UserController#getAllUser()
to {GET [/user]}: There is already 'userController' bean method
com.reportex.Controller.UserController#getUserById(int) mapped.
	at org.springframework.beans.factory.support.ConstructorResolver.createArgumentArray(ConstructorResolver.java:800)
	at org.springframework.beans.factory.support.ConstructorResolver.autowireConstructor(ConstructorResolver.java:229)
	at org.springframework.beans.factory.support.AbstractAutowireCapableBeanFactory.autowireConstructor(AbstractAutowireCapableBeanFactory.java:1372)
	at org.springframework.beans.factory.support.AbstractAutowireCapableBeanFactory.createBeanInstance(AbstractAutowireCapableBeanFactory.java:1222)
	at org.springframework.beans.factory.support.AbstractAutowireCapableBeanFactory.doCreateBean(AbstractAutowireCapableBeanFactory.java:582)
	at org.springframework.beans.factory.support.AbstractAutowireCapableBeanFactory.createBean(AbstractAutowireCapableBeanFactory.java:542)
	at org.springframework.beans.factory.support.AbstractBeanFactory.lambda$doGetBean$0(AbstractBeanFactory.java:335)
	at org.springframework.beans.factory.support.DefaultSingletonBeanRegistry.getSingleton(DefaultSingletonBeanRegistry.java:234)
	at org.springframework.beans.factory.support.AbstractBeanFactory.doGetBean(AbstractBeanFactory.java:333)
	at org.springframework.beans.factory.support.AbstractBeanFactory.getBean(AbstractBeanFactory.java:208)
	at org.springframework.beans.factory.support.DefaultListableBeanFactory.preInstantiateSingletons(DefaultListableBeanFactory.java:953)
	at org.springframework.context.support.AbstractApplicationContext.finishBeanFactoryInitialization(AbstractApplicationContext.java:918)
	at org.springframework.context.support.AbstractApplicationContext.refresh(AbstractApplicationContext.java:583)
	at org.springframework.boot.web.servlet.context.ServletWebServerApplicationContext.refresh(ServletWebServerApplicationContext.java:147)
	at org.springframework.boot.SpringApplication.refresh(SpringApplication.java:734)
	at org.springframework.boot.SpringApplication.refreshContext(SpringApplication.java:408)
	at org.springframework.boot.SpringApplication.run(SpringApplication.java:308)
	at org.springframework.boot.SpringApplication.run(SpringApplication.java:1306)
	at org.springframework.boot.SpringApplication.run(SpringApplication.java:1295)
	at com.reportex.ReportexApplication.main(ReportexApplication.java:10)
Caused by: org.springframework.beans.factory.UnsatisfiedDependencyException: Error creating bean with name 'webMvcRequestHandlerProvider' defined in URL [jar:file:/C:/Users/99470/.m2/repository/io/springfox/springfox-spring-web/2.4.0/springfox-spring-web-2.4.0.jar!/springfox/documentation/spring/web/plugins/WebMvcRequestHandlerProvider.class]: Unsatisfied dependency expressed through constructor parameter 0; nested exception is org.springframework.beans.factory.BeanCreationException: Error creating bean with name 'requestMappingHandlerMapping' defined in class path resource [org/springframework/boot/autoconfigure/web/servlet/WebMvcAutoConfiguration$EnableWebMvcConfiguration.class]: Invocation of init method failed; nested exception is java.lang.IllegalStateException: Ambiguous mapping. Cannot map 'userController' method 
com.reportex.Controller.UserController#getAllUser()
to {GET [/user]}: There is already 'userController' bean method
com.reportex.Controller.UserController#getUserById(int) mapped.
	at org.springframework.beans.factory.support.ConstructorResolver.createArgumentArray(ConstructorResolver.java:800)
	at org.springframework.beans.factory.support.ConstructorResolver.autowireConstructor(ConstructorResolver.java:229)
	at org.springframework.beans.factory.support.AbstractAutowireCapableBeanFactory.autowireConstructor(AbstractAutowireCapableBeanFactory.java:1372)
	at org.springframework.beans.factory.support.AbstractAutowireCapableBeanFactory.createBeanInstance(AbstractAutowireCapableBeanFactory.java:1222)
	at org.springframework.beans.factory.support.AbstractAutowireCapableBeanFactory.doCreateBean(AbstractAutowireCapableBeanFactory.java:582)
	at org.springframework.beans.factory.support.AbstractAutowireCapableBeanFactory.createBean(AbstractAutowireCapableBeanFactory.java:542)
	at org.springframework.beans.factory.support.AbstractBeanFactory.lambda$doGetBean$0(AbstractBeanFactory.java:335)
	at org.springframework.beans.factory.support.DefaultSingletonBeanRegistry.getSingleton(DefaultSingletonBeanRegistry.java:234)
	at org.springframework.beans.factory.support.AbstractBeanFactory.doGetBean(AbstractBeanFactory.java:333)
	at org.springframework.beans.factory.support.AbstractBeanFactory.getBean(AbstractBeanFactory.java:208)
	at org.springframework.beans.factory.config.DependencyDescriptor.resolveCandidate(DependencyDescriptor.java:276)
	at org.springframework.beans.factory.support.DefaultListableBeanFactory.addCandidateEntry(DefaultListableBeanFactory.java:1607)
	at org.springframework.beans.factory.support.DefaultListableBeanFactory.findAutowireCandidates(DefaultListableBeanFactory.java:1571)
	at org.springframework.beans.factory.support.DefaultListableBeanFactory.resolveMultipleBeans(DefaultListableBeanFactory.java:1460)
	at org.springframework.beans.factory.support.DefaultListableBeanFactory.doResolveDependency(DefaultListableBeanFactory.java:1347)
	at org.springframework.beans.factory.support.DefaultListableBeanFactory.resolveDependency(DefaultListableBeanFactory.java:1309)
	at org.springframework.beans.factory.support.ConstructorResolver.resolveAutowiredArgument(ConstructorResolver.java:887)
	at org.springframework.beans.factory.support.ConstructorResolver.createArgumentArray(ConstructorResolver.java:791)
	... 19 common frames omitted
Caused by: org.springframework.beans.factory.BeanCreationException: Error creating bean with name 'requestMappingHandlerMapping' defined in class path resource [org/springframework/boot/autoconfigure/web/servlet/WebMvcAutoConfiguration$EnableWebMvcConfiguration.class]: Invocation of init method failed; nested exception is java.lang.IllegalStateException: Ambiguous mapping. Cannot map 'userController' method 
com.reportex.Controller.UserController#getAllUser()
to {GET [/user]}: There is already 'userController' bean method
com.reportex.Controller.UserController#getUserById(int) mapped.
	at org.springframework.beans.factory.support.AbstractAutowireCapableBeanFactory.initializeBean(AbstractAutowireCapableBeanFactory.java:1804)
	at org.springframework.beans.factory.support.AbstractAutowireCapableBeanFactory.doCreateBean(AbstractAutowireCapableBeanFactory.java:620)
	at org.springframework.beans.factory.support.AbstractAutowireCapableBeanFactory.createBean(AbstractAutowireCapableBeanFactory.java:542)
	at org.springframework.beans.factory.support.AbstractBeanFactory.lambda$doGetBean$0(AbstractBeanFactory.java:335)
	at org.springframework.beans.factory.support.DefaultSingletonBeanRegistry.getSingleton(DefaultSingletonBeanRegistry.java:234)
	at org.springframework.beans.factory.support.AbstractBeanFactory.doGetBean(AbstractBeanFactory.java:333)
	at org.springframework.beans.factory.support.AbstractBeanFactory.getBean(AbstractBeanFactory.java:208)
	at org.springframework.beans.factory.config.DependencyDescriptor.resolveCandidate(DependencyDescriptor.java:276)
	at org.springframework.beans.factory.support.DefaultListableBeanFactory.addCandidateEntry(DefaultListableBeanFactory.java:1607)
	at org.springframework.beans.factory.support.DefaultListableBeanFactory.findAutowireCandidates(DefaultListableBeanFactory.java:1571)
	at org.springframework.beans.factory.support.DefaultListableBeanFactory.resolveMultipleBeans(DefaultListableBeanFactory.java:1460)
	at org.springframework.beans.factory.support.DefaultListableBeanFactory.doResolveDependency(DefaultListableBeanFactory.java:1347)
	at org.springframework.beans.factory.support.DefaultListableBeanFactory.resolveDependency(DefaultListableBeanFactory.java:1309)
	at org.springframework.beans.factory.support.ConstructorResolver.resolveAutowiredArgument(ConstructorResolver.java:887)
	at org.springframework.beans.factory.support.ConstructorResolver.createArgumentArray(ConstructorResolver.java:791)
	... 36 common frames omitted
Caused by: java.lang.IllegalStateException: Ambiguous mapping. Cannot map 'userController' method 
com.reportex.Controller.UserController#getAllUser()
to {GET [/user]}: There is already 'userController' bean method
com.reportex.Controller.UserController#getUserById(int) mapped.
	at org.springframework.web.servlet.handler.AbstractHandlerMethodMapping$MappingRegistry.validateMethodMapping(AbstractHandlerMethodMapping.java:669)
	at org.springframework.web.servlet.handler.AbstractHandlerMethodMapping$MappingRegistry.register(AbstractHandlerMethodMapping.java:635)
	at org.springframework.web.servlet.handler.AbstractHandlerMethodMapping.registerHandlerMethod(AbstractHandlerMethodMapping.java:332)
	at org.springframework.web.servlet.mvc.method.annotation.RequestMappingHandlerMapping.registerHandlerMethod(RequestMappingHandlerMapping.java:420)
	at org.springframework.web.servlet.mvc.method.annotation.RequestMappingHandlerMapping.registerHandlerMethod(RequestMappingHandlerMapping.java:76)
	at org.springframework.web.servlet.handler.AbstractHandlerMethodMapping.lambda$detectHandlerMethods$2(AbstractHandlerMethodMapping.java:299)
	at java.util.LinkedHashMap.forEach(LinkedHashMap.java:684)
	at org.springframework.web.servlet.handler.AbstractHandlerMethodMapping.detectHandlerMethods(AbstractHandlerMethodMapping.java:297)
	at org.springframework.web.servlet.handler.AbstractHandlerMethodMapping.processCandidateBean(AbstractHandlerMethodMapping.java:266)
	at org.springframework.web.servlet.handler.AbstractHandlerMethodMapping.initHandlerMethods(AbstractHandlerMethodMapping.java:225)
	at org.springframework.web.servlet.handler.AbstractHandlerMethodMapping.afterPropertiesSet(AbstractHandlerMethodMapping.java:213)
	at org.springframework.web.servlet.mvc.method.annotation.RequestMappingHandlerMapping.afterPropertiesSet(RequestMappingHandlerMapping.java:205)
	at org.springframework.beans.factory.support.AbstractAutowireCapableBeanFactory.invokeInitMethods(AbstractAutowireCapableBeanFactory.java:1863)
	at org.springframework.beans.factory.support.AbstractAutowireCapableBeanFactory.initializeBean(AbstractAutowireCapableBeanFactory.java:1800)
	... 50 common frames omitted
22-07-2022 00:53:10.190 INFO org.springframework.boot.StartupInfoLogger [main] Starting ReportexApplication using Java 1.8.0_202 on DESKTOP-1FHAGA2 with PID 6648 (D:\MyWork\Reportex\target\classes started by 99470 in D:\MyWork\Reportex)
22-07-2022 00:53:10.194 INFO org.springframework.boot.SpringApplication [main] The following 1 profile is active: "dev"
22-07-2022 00:53:10.838 INFO org.springframework.data.repository.config.RepositoryConfigurationDelegate [main] Bootstrapping Spring Data JPA repositories in DEFAULT mode.
22-07-2022 00:53:10.882 INFO org.springframework.data.repository.config.RepositoryConfigurationDelegate [main] Finished Spring Data repository scanning in 36 ms. Found 1 JPA repository interfaces.
22-07-2022 00:53:11.290 INFO org.springframework.boot.web.embedded.tomcat.TomcatWebServer [main] Tomcat initialized with port(s): 5555 (http)
22-07-2022 00:53:11.296 INFO org.apache.juli.logging.DirectJDKLog [main] Starting service [Tomcat]
22-07-2022 00:53:11.297 INFO org.apache.juli.logging.DirectJDKLog [main] Starting Servlet engine: [Apache Tomcat/9.0.63]
22-07-2022 00:53:11.444 INFO org.apache.juli.logging.DirectJDKLog [main] Initializing Spring embedded WebApplicationContext
22-07-2022 00:53:11.445 INFO org.springframework.boot.web.servlet.context.ServletWebServerApplicationContext [main] Root WebApplicationContext: initialization completed in 1205 ms
22-07-2022 00:53:12.139 INFO org.hibernate.jpa.internal.util.LogHelper [main] HHH000204: Processing PersistenceUnitInfo [name: default]
22-07-2022 00:53:12.178 INFO org.hibernate.Version [main] HHH000412: Hibernate ORM core version 5.6.9.Final
22-07-2022 00:53:12.295 INFO org.hibernate.annotations.common.reflection.java.JavaReflectionManager [main] HCANN000001: Hibernate Commons Annotations {5.1.2.Final}
22-07-2022 00:53:12.380 INFO com.zaxxer.hikari.HikariDataSource [main] HikariPool-1 - Starting...
22-07-2022 00:53:14.014 INFO com.zaxxer.hikari.HikariDataSource [main] HikariPool-1 - Start completed.
22-07-2022 00:53:14.027 INFO org.hibernate.dialect.Dialect [main] HHH000400: Using dialect: org.hibernate.dialect.PostgreSQL95Dialect
22-07-2022 00:53:15.124 INFO org.hibernate.engine.transaction.jta.platform.internal.JtaPlatformInitiator [main] HHH000490: Using JtaPlatform implementation: [org.hibernate.engine.transaction.jta.platform.internal.NoJtaPlatform]
22-07-2022 00:53:15.132 INFO org.springframework.orm.jpa.AbstractEntityManagerFactoryBean [main] Initialized JPA EntityManagerFactory for persistence unit 'default'
22-07-2022 00:53:15.175 WARN org.springframework.boot.autoconfigure.orm.jpa.JpaBaseConfiguration$JpaWebConfiguration [main] spring.jpa.open-in-view is enabled by default. Therefore, database queries may be performed during view rendering. Explicitly configure spring.jpa.open-in-view to disable this warning
22-07-2022 00:53:15.883 INFO org.springframework.security.web.DefaultSecurityFilterChain [main] Will secure any request with [org.springframework.security.web.session.DisableEncodeUrlFilter@347f8029, org.springframework.security.web.context.request.async.WebAsyncManagerIntegrationFilter@3f78a5ed, org.springframework.security.web.context.SecurityContextPersistenceFilter@4e210016, org.springframework.security.web.header.HeaderWriterFilter@b814e23, org.springframework.security.web.authentication.logout.LogoutFilter@27234b7c, com.reportex.Auth.JwtTokenFilter@153cb763, org.springframework.security.web.savedrequest.RequestCacheAwareFilter@5543d800, org.springframework.security.web.servletapi.SecurityContextHolderAwareRequestFilter@5d01a2eb, org.springframework.security.web.authentication.AnonymousAuthenticationFilter@630e5010, org.springframework.security.web.session.SessionManagementFilter@16c1d11, org.springframework.security.web.access.ExceptionTranslationFilter@149238fe, org.springframework.security.web.access.intercept.FilterSecurityInterceptor@5f14590c]
22-07-2022 00:53:16.170 INFO org.springframework.boot.web.embedded.tomcat.TomcatWebServer [main] Tomcat started on port(s): 5555 (http) with context path ''
22-07-2022 00:53:16.175 INFO springfox.documentation.spring.web.plugins.DocumentationPluginsBootstrapper [main] Context refreshed
22-07-2022 00:53:16.187 INFO springfox.documentation.spring.web.plugins.DocumentationPluginsBootstrapper [main] Found 1 custom documentation plugin(s)
22-07-2022 00:53:16.194 INFO springfox.documentation.spring.web.scanners.ApiListingReferenceScanner [main] Scanning for api listing references
22-07-2022 00:53:16.430 INFO org.springframework.boot.StartupInfoLogger [main] Started ReportexApplication in 6.724 seconds (JVM running for 7.736)
22-07-2022 00:53:55.599 INFO org.springframework.boot.StartupInfoLogger [main] Starting ReportexApplication using Java 1.8.0_202 on DESKTOP-1FHAGA2 with PID 12092 (D:\MyWork\Reportex\target\classes started by 99470 in D:\MyWork\Reportex)
22-07-2022 00:53:55.601 INFO org.springframework.boot.SpringApplication [main] The following 1 profile is active: "dev"
22-07-2022 00:53:56.282 INFO org.springframework.data.repository.config.RepositoryConfigurationDelegate [main] Bootstrapping Spring Data JPA repositories in DEFAULT mode.
22-07-2022 00:53:56.325 INFO org.springframework.data.repository.config.RepositoryConfigurationDelegate [main] Finished Spring Data repository scanning in 36 ms. Found 1 JPA repository interfaces.
22-07-2022 00:53:56.734 INFO org.springframework.boot.web.embedded.tomcat.TomcatWebServer [main] Tomcat initialized with port(s): 5555 (http)
22-07-2022 00:53:56.741 INFO org.apache.juli.logging.DirectJDKLog [main] Starting service [Tomcat]
22-07-2022 00:53:56.741 INFO org.apache.juli.logging.DirectJDKLog [main] Starting Servlet engine: [Apache Tomcat/9.0.63]
22-07-2022 00:53:56.881 INFO org.apache.juli.logging.DirectJDKLog [main] Initializing Spring embedded WebApplicationContext
22-07-2022 00:53:56.882 INFO org.springframework.boot.web.servlet.context.ServletWebServerApplicationContext [main] Root WebApplicationContext: initialization completed in 1249 ms
22-07-2022 00:53:57.563 INFO org.hibernate.jpa.internal.util.LogHelper [main] HHH000204: Processing PersistenceUnitInfo [name: default]
22-07-2022 00:53:57.600 INFO org.hibernate.Version [main] HHH000412: Hibernate ORM core version 5.6.9.Final
22-07-2022 00:53:57.718 INFO org.hibernate.annotations.common.reflection.java.JavaReflectionManager [main] HCANN000001: Hibernate Commons Annotations {5.1.2.Final}
22-07-2022 00:53:57.800 INFO com.zaxxer.hikari.HikariDataSource [main] HikariPool-1 - Starting...
22-07-2022 00:53:59.841 INFO com.zaxxer.hikari.HikariDataSource [main] HikariPool-1 - Start completed.
22-07-2022 00:53:59.853 INFO org.hibernate.dialect.Dialect [main] HHH000400: Using dialect: org.hibernate.dialect.PostgreSQL95Dialect
22-07-2022 00:54:00.900 INFO org.hibernate.engine.transaction.jta.platform.internal.JtaPlatformInitiator [main] HHH000490: Using JtaPlatform implementation: [org.hibernate.engine.transaction.jta.platform.internal.NoJtaPlatform]
22-07-2022 00:54:00.909 INFO org.springframework.orm.jpa.AbstractEntityManagerFactoryBean [main] Initialized JPA EntityManagerFactory for persistence unit 'default'
22-07-2022 00:54:00.944 WARN org.springframework.boot.autoconfigure.orm.jpa.JpaBaseConfiguration$JpaWebConfiguration [main] spring.jpa.open-in-view is enabled by default. Therefore, database queries may be performed during view rendering. Explicitly configure spring.jpa.open-in-view to disable this warning
22-07-2022 00:54:01.469 WARN org.springframework.context.support.AbstractApplicationContext [main] Exception encountered during context initialization - cancelling refresh attempt: org.springframework.beans.factory.UnsatisfiedDependencyException: Error creating bean with name 'documentationPluginsBootstrapper' defined in URL [jar:file:/C:/Users/99470/.m2/repository/io/springfox/springfox-spring-web/2.4.0/springfox-spring-web-2.4.0.jar!/springfox/documentation/spring/web/plugins/DocumentationPluginsBootstrapper.class]: Unsatisfied dependency expressed through constructor parameter 1; nested exception is org.springframework.beans.factory.UnsatisfiedDependencyException: Error creating bean with name 'webMvcRequestHandlerProvider' defined in URL [jar:file:/C:/Users/99470/.m2/repository/io/springfox/springfox-spring-web/2.4.0/springfox-spring-web-2.4.0.jar!/springfox/documentation/spring/web/plugins/WebMvcRequestHandlerProvider.class]: Unsatisfied dependency expressed through constructor parameter 0; nested exception is org.springframework.beans.factory.BeanCreationException: Error creating bean with name 'requestMappingHandlerMapping' defined in class path resource [org/springframework/boot/autoconfigure/web/servlet/WebMvcAutoConfiguration$EnableWebMvcConfiguration.class]: Invocation of init method failed; nested exception is java.lang.IllegalStateException: Ambiguous mapping. Cannot map 'userController' method 
com.reportex.Controller.UserController#getAllUser()
to {GET [/user]}: There is already 'userController' bean method
com.reportex.Controller.UserController#getUserById(int) mapped.
22-07-2022 00:54:01.470 INFO org.springframework.orm.jpa.AbstractEntityManagerFactoryBean [main] Closing JPA EntityManagerFactory for persistence unit 'default'
22-07-2022 00:54:01.471 INFO com.zaxxer.hikari.HikariDataSource [main] HikariPool-1 - Shutdown initiated...
22-07-2022 00:54:02.711 INFO com.zaxxer.hikari.HikariDataSource [main] HikariPool-1 - Shutdown completed.
22-07-2022 00:54:02.713 INFO org.apache.juli.logging.DirectJDKLog [main] Stopping service [Tomcat]
22-07-2022 00:54:02.721 INFO org.springframework.boot.autoconfigure.logging.ConditionEvaluationReportLoggingListener [main] 

Error starting ApplicationContext. To display the conditions report re-run your application with 'debug' enabled.
22-07-2022 00:54:02.741 ERROR org.springframework.boot.SpringApplication [main] Application run failed
org.springframework.beans.factory.UnsatisfiedDependencyException: Error creating bean with name 'documentationPluginsBootstrapper' defined in URL [jar:file:/C:/Users/99470/.m2/repository/io/springfox/springfox-spring-web/2.4.0/springfox-spring-web-2.4.0.jar!/springfox/documentation/spring/web/plugins/DocumentationPluginsBootstrapper.class]: Unsatisfied dependency expressed through constructor parameter 1; nested exception is org.springframework.beans.factory.UnsatisfiedDependencyException: Error creating bean with name 'webMvcRequestHandlerProvider' defined in URL [jar:file:/C:/Users/99470/.m2/repository/io/springfox/springfox-spring-web/2.4.0/springfox-spring-web-2.4.0.jar!/springfox/documentation/spring/web/plugins/WebMvcRequestHandlerProvider.class]: Unsatisfied dependency expressed through constructor parameter 0; nested exception is org.springframework.beans.factory.BeanCreationException: Error creating bean with name 'requestMappingHandlerMapping' defined in class path resource [org/springframework/boot/autoconfigure/web/servlet/WebMvcAutoConfiguration$EnableWebMvcConfiguration.class]: Invocation of init method failed; nested exception is java.lang.IllegalStateException: Ambiguous mapping. Cannot map 'userController' method 
com.reportex.Controller.UserController#getAllUser()
to {GET [/user]}: There is already 'userController' bean method
com.reportex.Controller.UserController#getUserById(int) mapped.
	at org.springframework.beans.factory.support.ConstructorResolver.createArgumentArray(ConstructorResolver.java:800)
	at org.springframework.beans.factory.support.ConstructorResolver.autowireConstructor(ConstructorResolver.java:229)
	at org.springframework.beans.factory.support.AbstractAutowireCapableBeanFactory.autowireConstructor(AbstractAutowireCapableBeanFactory.java:1372)
	at org.springframework.beans.factory.support.AbstractAutowireCapableBeanFactory.createBeanInstance(AbstractAutowireCapableBeanFactory.java:1222)
	at org.springframework.beans.factory.support.AbstractAutowireCapableBeanFactory.doCreateBean(AbstractAutowireCapableBeanFactory.java:582)
	at org.springframework.beans.factory.support.AbstractAutowireCapableBeanFactory.createBean(AbstractAutowireCapableBeanFactory.java:542)
	at org.springframework.beans.factory.support.AbstractBeanFactory.lambda$doGetBean$0(AbstractBeanFactory.java:335)
	at org.springframework.beans.factory.support.DefaultSingletonBeanRegistry.getSingleton(DefaultSingletonBeanRegistry.java:234)
	at org.springframework.beans.factory.support.AbstractBeanFactory.doGetBean(AbstractBeanFactory.java:333)
	at org.springframework.beans.factory.support.AbstractBeanFactory.getBean(AbstractBeanFactory.java:208)
	at org.springframework.beans.factory.support.DefaultListableBeanFactory.preInstantiateSingletons(DefaultListableBeanFactory.java:953)
	at org.springframework.context.support.AbstractApplicationContext.finishBeanFactoryInitialization(AbstractApplicationContext.java:918)
	at org.springframework.context.support.AbstractApplicationContext.refresh(AbstractApplicationContext.java:583)
	at org.springframework.boot.web.servlet.context.ServletWebServerApplicationContext.refresh(ServletWebServerApplicationContext.java:147)
	at org.springframework.boot.SpringApplication.refresh(SpringApplication.java:734)
	at org.springframework.boot.SpringApplication.refreshContext(SpringApplication.java:408)
	at org.springframework.boot.SpringApplication.run(SpringApplication.java:308)
	at org.springframework.boot.SpringApplication.run(SpringApplication.java:1306)
	at org.springframework.boot.SpringApplication.run(SpringApplication.java:1295)
	at com.reportex.ReportexApplication.main(ReportexApplication.java:10)
Caused by: org.springframework.beans.factory.UnsatisfiedDependencyException: Error creating bean with name 'webMvcRequestHandlerProvider' defined in URL [jar:file:/C:/Users/99470/.m2/repository/io/springfox/springfox-spring-web/2.4.0/springfox-spring-web-2.4.0.jar!/springfox/documentation/spring/web/plugins/WebMvcRequestHandlerProvider.class]: Unsatisfied dependency expressed through constructor parameter 0; nested exception is org.springframework.beans.factory.BeanCreationException: Error creating bean with name 'requestMappingHandlerMapping' defined in class path resource [org/springframework/boot/autoconfigure/web/servlet/WebMvcAutoConfiguration$EnableWebMvcConfiguration.class]: Invocation of init method failed; nested exception is java.lang.IllegalStateException: Ambiguous mapping. Cannot map 'userController' method 
com.reportex.Controller.UserController#getAllUser()
to {GET [/user]}: There is already 'userController' bean method
com.reportex.Controller.UserController#getUserById(int) mapped.
	at org.springframework.beans.factory.support.ConstructorResolver.createArgumentArray(ConstructorResolver.java:800)
	at org.springframework.beans.factory.support.ConstructorResolver.autowireConstructor(ConstructorResolver.java:229)
	at org.springframework.beans.factory.support.AbstractAutowireCapableBeanFactory.autowireConstructor(AbstractAutowireCapableBeanFactory.java:1372)
	at org.springframework.beans.factory.support.AbstractAutowireCapableBeanFactory.createBeanInstance(AbstractAutowireCapableBeanFactory.java:1222)
	at org.springframework.beans.factory.support.AbstractAutowireCapableBeanFactory.doCreateBean(AbstractAutowireCapableBeanFactory.java:582)
	at org.springframework.beans.factory.support.AbstractAutowireCapableBeanFactory.createBean(AbstractAutowireCapableBeanFactory.java:542)
	at org.springframework.beans.factory.support.AbstractBeanFactory.lambda$doGetBean$0(AbstractBeanFactory.java:335)
	at org.springframework.beans.factory.support.DefaultSingletonBeanRegistry.getSingleton(DefaultSingletonBeanRegistry.java:234)
	at org.springframework.beans.factory.support.AbstractBeanFactory.doGetBean(AbstractBeanFactory.java:333)
	at org.springframework.beans.factory.support.AbstractBeanFactory.getBean(AbstractBeanFactory.java:208)
	at org.springframework.beans.factory.config.DependencyDescriptor.resolveCandidate(DependencyDescriptor.java:276)
	at org.springframework.beans.factory.support.DefaultListableBeanFactory.addCandidateEntry(DefaultListableBeanFactory.java:1607)
	at org.springframework.beans.factory.support.DefaultListableBeanFactory.findAutowireCandidates(DefaultListableBeanFactory.java:1571)
	at org.springframework.beans.factory.support.DefaultListableBeanFactory.resolveMultipleBeans(DefaultListableBeanFactory.java:1460)
	at org.springframework.beans.factory.support.DefaultListableBeanFactory.doResolveDependency(DefaultListableBeanFactory.java:1347)
	at org.springframework.beans.factory.support.DefaultListableBeanFactory.resolveDependency(DefaultListableBeanFactory.java:1309)
	at org.springframework.beans.factory.support.ConstructorResolver.resolveAutowiredArgument(ConstructorResolver.java:887)
	at org.springframework.beans.factory.support.ConstructorResolver.createArgumentArray(ConstructorResolver.java:791)
	... 19 common frames omitted
Caused by: org.springframework.beans.factory.BeanCreationException: Error creating bean with name 'requestMappingHandlerMapping' defined in class path resource [org/springframework/boot/autoconfigure/web/servlet/WebMvcAutoConfiguration$EnableWebMvcConfiguration.class]: Invocation of init method failed; nested exception is java.lang.IllegalStateException: Ambiguous mapping. Cannot map 'userController' method 
com.reportex.Controller.UserController#getAllUser()
to {GET [/user]}: There is already 'userController' bean method
com.reportex.Controller.UserController#getUserById(int) mapped.
	at org.springframework.beans.factory.support.AbstractAutowireCapableBeanFactory.initializeBean(AbstractAutowireCapableBeanFactory.java:1804)
	at org.springframework.beans.factory.support.AbstractAutowireCapableBeanFactory.doCreateBean(AbstractAutowireCapableBeanFactory.java:620)
	at org.springframework.beans.factory.support.AbstractAutowireCapableBeanFactory.createBean(AbstractAutowireCapableBeanFactory.java:542)
	at org.springframework.beans.factory.support.AbstractBeanFactory.lambda$doGetBean$0(AbstractBeanFactory.java:335)
	at org.springframework.beans.factory.support.DefaultSingletonBeanRegistry.getSingleton(DefaultSingletonBeanRegistry.java:234)
	at org.springframework.beans.factory.support.AbstractBeanFactory.doGetBean(AbstractBeanFactory.java:333)
	at org.springframework.beans.factory.support.AbstractBeanFactory.getBean(AbstractBeanFactory.java:208)
	at org.springframework.beans.factory.config.DependencyDescriptor.resolveCandidate(DependencyDescriptor.java:276)
	at org.springframework.beans.factory.support.DefaultListableBeanFactory.addCandidateEntry(DefaultListableBeanFactory.java:1607)
	at org.springframework.beans.factory.support.DefaultListableBeanFactory.findAutowireCandidates(DefaultListableBeanFactory.java:1571)
	at org.springframework.beans.factory.support.DefaultListableBeanFactory.resolveMultipleBeans(DefaultListableBeanFactory.java:1460)
	at org.springframework.beans.factory.support.DefaultListableBeanFactory.doResolveDependency(DefaultListableBeanFactory.java:1347)
	at org.springframework.beans.factory.support.DefaultListableBeanFactory.resolveDependency(DefaultListableBeanFactory.java:1309)
	at org.springframework.beans.factory.support.ConstructorResolver.resolveAutowiredArgument(ConstructorResolver.java:887)
	at org.springframework.beans.factory.support.ConstructorResolver.createArgumentArray(ConstructorResolver.java:791)
	... 36 common frames omitted
Caused by: java.lang.IllegalStateException: Ambiguous mapping. Cannot map 'userController' method 
com.reportex.Controller.UserController#getAllUser()
to {GET [/user]}: There is already 'userController' bean method
com.reportex.Controller.UserController#getUserById(int) mapped.
	at org.springframework.web.servlet.handler.AbstractHandlerMethodMapping$MappingRegistry.validateMethodMapping(AbstractHandlerMethodMapping.java:669)
	at org.springframework.web.servlet.handler.AbstractHandlerMethodMapping$MappingRegistry.register(AbstractHandlerMethodMapping.java:635)
	at org.springframework.web.servlet.handler.AbstractHandlerMethodMapping.registerHandlerMethod(AbstractHandlerMethodMapping.java:332)
	at org.springframework.web.servlet.mvc.method.annotation.RequestMappingHandlerMapping.registerHandlerMethod(RequestMappingHandlerMapping.java:420)
	at org.springframework.web.servlet.mvc.method.annotation.RequestMappingHandlerMapping.registerHandlerMethod(RequestMappingHandlerMapping.java:76)
	at org.springframework.web.servlet.handler.AbstractHandlerMethodMapping.lambda$detectHandlerMethods$2(AbstractHandlerMethodMapping.java:299)
	at java.util.LinkedHashMap.forEach(LinkedHashMap.java:684)
	at org.springframework.web.servlet.handler.AbstractHandlerMethodMapping.detectHandlerMethods(AbstractHandlerMethodMapping.java:297)
	at org.springframework.web.servlet.handler.AbstractHandlerMethodMapping.processCandidateBean(AbstractHandlerMethodMapping.java:266)
	at org.springframework.web.servlet.handler.AbstractHandlerMethodMapping.initHandlerMethods(AbstractHandlerMethodMapping.java:225)
	at org.springframework.web.servlet.handler.AbstractHandlerMethodMapping.afterPropertiesSet(AbstractHandlerMethodMapping.java:213)
	at org.springframework.web.servlet.mvc.method.annotation.RequestMappingHandlerMapping.afterPropertiesSet(RequestMappingHandlerMapping.java:205)
	at org.springframework.beans.factory.support.AbstractAutowireCapableBeanFactory.invokeInitMethods(AbstractAutowireCapableBeanFactory.java:1863)
	at org.springframework.beans.factory.support.AbstractAutowireCapableBeanFactory.initializeBean(AbstractAutowireCapableBeanFactory.java:1800)
	... 50 common frames omitted
22-07-2022 00:54:40.080 INFO org.springframework.boot.StartupInfoLogger [main] Starting ReportexApplication using Java 1.8.0_202 on DESKTOP-1FHAGA2 with PID 8416 (D:\MyWork\Reportex\target\classes started by 99470 in D:\MyWork\Reportex)
22-07-2022 00:54:40.084 INFO org.springframework.boot.SpringApplication [main] The following 1 profile is active: "dev"
22-07-2022 00:54:40.748 INFO org.springframework.data.repository.config.RepositoryConfigurationDelegate [main] Bootstrapping Spring Data JPA repositories in DEFAULT mode.
22-07-2022 00:54:40.792 INFO org.springframework.data.repository.config.RepositoryConfigurationDelegate [main] Finished Spring Data repository scanning in 37 ms. Found 1 JPA repository interfaces.
22-07-2022 00:54:41.194 INFO org.springframework.boot.web.embedded.tomcat.TomcatWebServer [main] Tomcat initialized with port(s): 5555 (http)
22-07-2022 00:54:41.200 INFO org.apache.juli.logging.DirectJDKLog [main] Starting service [Tomcat]
22-07-2022 00:54:41.200 INFO org.apache.juli.logging.DirectJDKLog [main] Starting Servlet engine: [Apache Tomcat/9.0.63]
22-07-2022 00:54:41.343 INFO org.apache.juli.logging.DirectJDKLog [main] Initializing Spring embedded WebApplicationContext
22-07-2022 00:54:41.343 INFO org.springframework.boot.web.servlet.context.ServletWebServerApplicationContext [main] Root WebApplicationContext: initialization completed in 1220 ms
22-07-2022 00:54:42.048 INFO org.hibernate.jpa.internal.util.LogHelper [main] HHH000204: Processing PersistenceUnitInfo [name: default]
22-07-2022 00:54:42.085 INFO org.hibernate.Version [main] HHH000412: Hibernate ORM core version 5.6.9.Final
22-07-2022 00:54:42.205 INFO org.hibernate.annotations.common.reflection.java.JavaReflectionManager [main] HCANN000001: Hibernate Commons Annotations {5.1.2.Final}
22-07-2022 00:54:42.295 INFO com.zaxxer.hikari.HikariDataSource [main] HikariPool-1 - Starting...
22-07-2022 00:54:43.996 INFO com.zaxxer.hikari.HikariDataSource [main] HikariPool-1 - Start completed.
22-07-2022 00:54:44.008 INFO org.hibernate.dialect.Dialect [main] HHH000400: Using dialect: org.hibernate.dialect.PostgreSQL95Dialect
22-07-2022 00:54:45.758 INFO org.hibernate.engine.transaction.jta.platform.internal.JtaPlatformInitiator [main] HHH000490: Using JtaPlatform implementation: [org.hibernate.engine.transaction.jta.platform.internal.NoJtaPlatform]
22-07-2022 00:54:45.766 INFO org.springframework.orm.jpa.AbstractEntityManagerFactoryBean [main] Initialized JPA EntityManagerFactory for persistence unit 'default'
22-07-2022 00:54:45.807 WARN org.springframework.boot.autoconfigure.orm.jpa.JpaBaseConfiguration$JpaWebConfiguration [main] spring.jpa.open-in-view is enabled by default. Therefore, database queries may be performed during view rendering. Explicitly configure spring.jpa.open-in-view to disable this warning
22-07-2022 00:54:46.455 INFO org.springframework.security.web.DefaultSecurityFilterChain [main] Will secure any request with [org.springframework.security.web.session.DisableEncodeUrlFilter@69926b6e, org.springframework.security.web.context.request.async.WebAsyncManagerIntegrationFilter@7ea8224b, org.springframework.security.web.context.SecurityContextPersistenceFilter@4b7c0f39, org.springframework.security.web.header.HeaderWriterFilter@3293030b, org.springframework.security.web.authentication.logout.LogoutFilter@57ed8f95, com.reportex.Auth.JwtTokenFilter@4a70d302, org.springframework.security.web.savedrequest.RequestCacheAwareFilter@2fccd98f, org.springframework.security.web.servletapi.SecurityContextHolderAwareRequestFilter@261099e1, org.springframework.security.web.authentication.AnonymousAuthenticationFilter@5a010eec, org.springframework.security.web.session.SessionManagementFilter@78b2d29e, org.springframework.security.web.access.ExceptionTranslationFilter@ca2a03f, org.springframework.security.web.access.intercept.FilterSecurityInterceptor@29ae2517]
22-07-2022 00:54:46.697 INFO org.springframework.boot.web.embedded.tomcat.TomcatWebServer [main] Tomcat started on port(s): 5555 (http) with context path ''
22-07-2022 00:54:46.702 INFO springfox.documentation.spring.web.plugins.DocumentationPluginsBootstrapper [main] Context refreshed
22-07-2022 00:54:46.713 INFO springfox.documentation.spring.web.plugins.DocumentationPluginsBootstrapper [main] Found 1 custom documentation plugin(s)
22-07-2022 00:54:46.720 INFO springfox.documentation.spring.web.scanners.ApiListingReferenceScanner [main] Scanning for api listing references
22-07-2022 00:54:46.961 INFO org.springframework.boot.StartupInfoLogger [main] Started ReportexApplication in 7.361 seconds (JVM running for 8.356)
22-07-2022 00:56:41.513 INFO org.springframework.boot.StartupInfoLogger [main] Starting ReportexApplication using Java 1.8.0_202 on DESKTOP-1FHAGA2 with PID 8740 (D:\MyWork\Reportex\target\classes started by 99470 in D:\MyWork\Reportex)
22-07-2022 00:56:41.516 INFO org.springframework.boot.SpringApplication [main] The following 1 profile is active: "dev"
22-07-2022 00:56:42.165 INFO org.springframework.data.repository.config.RepositoryConfigurationDelegate [main] Bootstrapping Spring Data JPA repositories in DEFAULT mode.
22-07-2022 00:56:42.210 INFO org.springframework.data.repository.config.RepositoryConfigurationDelegate [main] Finished Spring Data repository scanning in 37 ms. Found 1 JPA repository interfaces.
22-07-2022 00:56:42.663 INFO org.springframework.boot.web.embedded.tomcat.TomcatWebServer [main] Tomcat initialized with port(s): 5555 (http)
22-07-2022 00:56:42.669 INFO org.apache.juli.logging.DirectJDKLog [main] Starting service [Tomcat]
22-07-2022 00:56:42.670 INFO org.apache.juli.logging.DirectJDKLog [main] Starting Servlet engine: [Apache Tomcat/9.0.63]
22-07-2022 00:56:42.839 INFO org.apache.juli.logging.DirectJDKLog [main] Initializing Spring embedded WebApplicationContext
22-07-2022 00:56:42.840 INFO org.springframework.boot.web.servlet.context.ServletWebServerApplicationContext [main] Root WebApplicationContext: initialization completed in 1284 ms
22-07-2022 00:56:43.560 INFO org.hibernate.jpa.internal.util.LogHelper [main] HHH000204: Processing PersistenceUnitInfo [name: default]
22-07-2022 00:56:43.602 INFO org.hibernate.Version [main] HHH000412: Hibernate ORM core version 5.6.9.Final
22-07-2022 00:56:43.738 INFO org.hibernate.annotations.common.reflection.java.JavaReflectionManager [main] HCANN000001: Hibernate Commons Annotations {5.1.2.Final}
22-07-2022 00:56:43.828 INFO com.zaxxer.hikari.HikariDataSource [main] HikariPool-1 - Starting...
22-07-2022 00:56:45.401 INFO com.zaxxer.hikari.HikariDataSource [main] HikariPool-1 - Start completed.
22-07-2022 00:56:45.420 INFO org.hibernate.dialect.Dialect [main] HHH000400: Using dialect: org.hibernate.dialect.PostgreSQL95Dialect
22-07-2022 00:56:46.506 INFO org.hibernate.engine.transaction.jta.platform.internal.JtaPlatformInitiator [main] HHH000490: Using JtaPlatform implementation: [org.hibernate.engine.transaction.jta.platform.internal.NoJtaPlatform]
22-07-2022 00:56:46.514 INFO org.springframework.orm.jpa.AbstractEntityManagerFactoryBean [main] Initialized JPA EntityManagerFactory for persistence unit 'default'
22-07-2022 00:56:46.556 WARN org.springframework.boot.autoconfigure.orm.jpa.JpaBaseConfiguration$JpaWebConfiguration [main] spring.jpa.open-in-view is enabled by default. Therefore, database queries may be performed during view rendering. Explicitly configure spring.jpa.open-in-view to disable this warning
22-07-2022 00:56:47.209 INFO org.springframework.security.web.DefaultSecurityFilterChain [main] Will secure any request with [org.springframework.security.web.session.DisableEncodeUrlFilter@663f24e6, org.springframework.security.web.context.request.async.WebAsyncManagerIntegrationFilter@7e532f2d, org.springframework.security.web.context.SecurityContextPersistenceFilter@162e29a1, org.springframework.security.web.header.HeaderWriterFilter@77925f76, org.springframework.security.web.authentication.logout.LogoutFilter@430f0c63, com.reportex.Auth.JwtTokenFilter@51d0ec6f, org.springframework.security.web.savedrequest.RequestCacheAwareFilter@2b3d03b2, org.springframework.security.web.servletapi.SecurityContextHolderAwareRequestFilter@4bc9451b, org.springframework.security.web.authentication.AnonymousAuthenticationFilter@42150951, org.springframework.security.web.session.SessionManagementFilter@72a61e61, org.springframework.security.web.access.ExceptionTranslationFilter@6d4c7248, org.springframework.security.web.access.intercept.FilterSecurityInterceptor@131c5bd]
22-07-2022 00:56:47.487 INFO org.springframework.boot.web.embedded.tomcat.TomcatWebServer [main] Tomcat started on port(s): 5555 (http) with context path ''
22-07-2022 00:56:47.492 INFO springfox.documentation.spring.web.plugins.DocumentationPluginsBootstrapper [main] Context refreshed
22-07-2022 00:56:47.504 INFO springfox.documentation.spring.web.plugins.DocumentationPluginsBootstrapper [main] Found 1 custom documentation plugin(s)
22-07-2022 00:56:47.512 INFO springfox.documentation.spring.web.scanners.ApiListingReferenceScanner [main] Scanning for api listing references
22-07-2022 00:56:47.752 INFO org.springframework.boot.StartupInfoLogger [main] Started ReportexApplication in 6.801 seconds (JVM running for 7.8)
22-07-2022 00:57:16.799 INFO org.apache.juli.logging.DirectJDKLog [http-nio-5555-exec-2] Initializing Spring DispatcherServlet 'dispatcherServlet'
22-07-2022 00:57:16.799 INFO org.springframework.web.servlet.FrameworkServlet [http-nio-5555-exec-2] Initializing Servlet 'dispatcherServlet'
22-07-2022 00:57:16.801 INFO org.springframework.web.servlet.FrameworkServlet [http-nio-5555-exec-2] Completed initialization in 1 ms
