21-07-2022 22:36:43.687 INFO org.springframework.boot.StartupInfoLogger [main] Starting ReportexApplication using Java 1.8.0_202 on DESKTOP-1FHAGA2 with PID 11520 (D:\MyWork\Reportex\target\classes started by 99470 in D:\MyWork\Reportex)
21-07-2022 22:36:43.690 INFO org.springframework.boot.SpringApplication [main] The following 1 profile is active: "dev"
21-07-2022 22:36:44.475 INFO org.springframework.data.repository.config.RepositoryConfigurationDelegate [main] Bootstrapping Spring Data JPA repositories in DEFAULT mode.
21-07-2022 22:36:44.527 INFO org.springframework.data.repository.config.RepositoryConfigurationDelegate [main] Finished Spring Data repository scanning in 43 ms. Found 1 JPA repository interfaces.
21-07-2022 22:36:45.064 INFO org.springframework.boot.web.embedded.tomcat.TomcatWebServer [main] Tomcat initialized with port(s): 5555 (http)
21-07-2022 22:36:45.072 INFO org.apache.juli.logging.DirectJDKLog [main] Starting service [Tomcat]
21-07-2022 22:36:45.073 INFO org.apache.juli.logging.DirectJDKLog [main] Starting Servlet engine: [Apache Tomcat/9.0.63]
21-07-2022 22:36:45.218 INFO org.apache.juli.logging.DirectJDKLog [main] Initializing Spring embedded WebApplicationContext
21-07-2022 22:36:45.219 INFO org.springframework.boot.web.servlet.context.ServletWebServerApplicationContext [main] Root WebApplicationContext: initialization completed in 1495 ms
21-07-2022 22:36:45.965 INFO org.hibernate.jpa.internal.util.LogHelper [main] HHH000204: Processing PersistenceUnitInfo [name: default]
21-07-2022 22:36:46.053 INFO org.hibernate.Version [main] HHH000412: Hibernate ORM core version 5.6.9.Final
21-07-2022 22:36:46.285 INFO org.hibernate.annotations.common.reflection.java.JavaReflectionManager [main] HCANN000001: Hibernate Commons Annotations {5.1.2.Final}
21-07-2022 22:36:46.415 INFO com.zaxxer.hikari.HikariDataSource [main] HikariPool-1 - Starting...
21-07-2022 22:36:47.983 INFO com.zaxxer.hikari.HikariDataSource [main] HikariPool-1 - Start completed.
21-07-2022 22:36:47.999 INFO org.hibernate.dialect.Dialect [main] HHH000400: Using dialect: org.hibernate.dialect.PostgreSQL95Dialect
21-07-2022 22:36:50.107 INFO org.hibernate.engine.transaction.jta.platform.internal.JtaPlatformInitiator [main] HHH000490: Using JtaPlatform implementation: [org.hibernate.engine.transaction.jta.platform.internal.NoJtaPlatform]
21-07-2022 22:36:50.120 INFO org.springframework.orm.jpa.AbstractEntityManagerFactoryBean [main] Initialized JPA EntityManagerFactory for persistence unit 'default'
21-07-2022 22:36:50.160 WARN org.springframework.boot.autoconfigure.orm.jpa.JpaBaseConfiguration$JpaWebConfiguration [main] spring.jpa.open-in-view is enabled by default. Therefore, database queries may be performed during view rendering. Explicitly configure spring.jpa.open-in-view to disable this warning
21-07-2022 22:36:50.906 INFO org.springframework.security.web.DefaultSecurityFilterChain [main] Will secure any request with [org.springframework.security.web.session.DisableEncodeUrlFilter@630e5010, org.springframework.security.web.context.request.async.WebAsyncManagerIntegrationFilter@10b5ff4d, org.springframework.security.web.context.SecurityContextPersistenceFilter@5543d800, org.springframework.security.web.header.HeaderWriterFilter@7d7c05fa, org.springframework.security.web.authentication.logout.LogoutFilter@792b9dd3, com.reportex.Auth.JwtTokenFilter@6f731759, org.springframework.security.web.savedrequest.RequestCacheAwareFilter@58e4aa67, org.springframework.security.web.servletapi.SecurityContextHolderAwareRequestFilter@7d60bd5a, org.springframework.security.web.authentication.AnonymousAuthenticationFilter@58835bba, org.springframework.security.web.session.SessionManagementFilter@4601a148, org.springframework.security.web.access.ExceptionTranslationFilter@1b30b6f8, org.springframework.security.web.access.intercept.FilterSecurityInterceptor@67baa05]
21-07-2022 22:36:51.176 INFO org.springframework.boot.web.embedded.tomcat.TomcatWebServer [main] Tomcat started on port(s): 5555 (http) with context path ''
21-07-2022 22:36:51.182 INFO springfox.documentation.spring.web.plugins.DocumentationPluginsBootstrapper [main] Context refreshed
21-07-2022 22:36:51.197 INFO springfox.documentation.spring.web.plugins.DocumentationPluginsBootstrapper [main] Found 1 custom documentation plugin(s)
21-07-2022 22:36:51.205 INFO springfox.documentation.spring.web.scanners.ApiListingReferenceScanner [main] Scanning for api listing references
21-07-2022 22:36:51.519 INFO org.springframework.boot.StartupInfoLogger [main] Started ReportexApplication in 8.345 seconds (JVM running for 9.982)
21-07-2022 22:41:35.543 INFO org.springframework.boot.StartupInfoLogger [main] Starting ReportexApplication using Java 1.8.0_202 on DESKTOP-1FHAGA2 with PID 6168 (D:\MyWork\Reportex\target\classes started by 99470 in D:\MyWork\Reportex)
21-07-2022 22:41:35.549 INFO org.springframework.boot.SpringApplication [main] The following 1 profile is active: "dev"
21-07-2022 22:41:36.357 INFO org.springframework.data.repository.config.RepositoryConfigurationDelegate [main] Bootstrapping Spring Data JPA repositories in DEFAULT mode.
21-07-2022 22:41:36.403 INFO org.springframework.data.repository.config.RepositoryConfigurationDelegate [main] Finished Spring Data repository scanning in 39 ms. Found 1 JPA repository interfaces.
21-07-2022 22:41:36.816 INFO org.springframework.boot.web.embedded.tomcat.TomcatWebServer [main] Tomcat initialized with port(s): 5555 (http)
21-07-2022 22:41:36.823 INFO org.apache.juli.logging.DirectJDKLog [main] Starting service [Tomcat]
21-07-2022 22:41:36.823 INFO org.apache.juli.logging.DirectJDKLog [main] Starting Servlet engine: [Apache Tomcat/9.0.63]
21-07-2022 22:41:36.975 INFO org.apache.juli.logging.DirectJDKLog [main] Initializing Spring embedded WebApplicationContext
21-07-2022 22:41:36.975 INFO org.springframework.boot.web.servlet.context.ServletWebServerApplicationContext [main] Root WebApplicationContext: initialization completed in 1320 ms
21-07-2022 22:41:37.708 INFO org.hibernate.jpa.internal.util.LogHelper [main] HHH000204: Processing PersistenceUnitInfo [name: default]
21-07-2022 22:41:37.748 INFO org.hibernate.Version [main] HHH000412: Hibernate ORM core version 5.6.9.Final
21-07-2022 22:41:37.875 INFO org.hibernate.annotations.common.reflection.java.JavaReflectionManager [main] HCANN000001: Hibernate Commons Annotations {5.1.2.Final}
21-07-2022 22:41:37.971 INFO com.zaxxer.hikari.HikariDataSource [main] HikariPool-1 - Starting...
21-07-2022 22:41:39.467 INFO com.zaxxer.hikari.HikariDataSource [main] HikariPool-1 - Start completed.
21-07-2022 22:41:39.486 INFO org.hibernate.dialect.Dialect [main] HHH000400: Using dialect: org.hibernate.dialect.PostgreSQL95Dialect
21-07-2022 22:41:41.324 INFO org.hibernate.engine.transaction.jta.platform.internal.JtaPlatformInitiator [main] HHH000490: Using JtaPlatform implementation: [org.hibernate.engine.transaction.jta.platform.internal.NoJtaPlatform]
21-07-2022 22:41:41.333 INFO org.springframework.orm.jpa.AbstractEntityManagerFactoryBean [main] Initialized JPA EntityManagerFactory for persistence unit 'default'
21-07-2022 22:41:41.379 WARN org.springframework.boot.autoconfigure.orm.jpa.JpaBaseConfiguration$JpaWebConfiguration [main] spring.jpa.open-in-view is enabled by default. Therefore, database queries may be performed during view rendering. Explicitly configure spring.jpa.open-in-view to disable this warning
21-07-2022 22:41:42.060 INFO org.springframework.security.web.DefaultSecurityFilterChain [main] Will secure any request with [org.springframework.security.web.session.DisableEncodeUrlFilter@68f1b89, org.springframework.security.web.context.request.async.WebAsyncManagerIntegrationFilter@2d1f3639, org.springframework.security.web.context.SecurityContextPersistenceFilter@49b180c8, org.springframework.security.web.header.HeaderWriterFilter@7e532f2d, org.springframework.security.web.authentication.logout.LogoutFilter@55821edf, com.reportex.Auth.JwtTokenFilter@715f45c6, org.springframework.security.web.savedrequest.RequestCacheAwareFilter@6f740044, org.springframework.security.web.servletapi.SecurityContextHolderAwareRequestFilter@21948bd1, org.springframework.security.web.authentication.AnonymousAuthenticationFilter@6e5b3642, org.springframework.security.web.session.SessionManagementFilter@5002be8e, org.springframework.security.web.access.ExceptionTranslationFilter@642f8b7f, org.springframework.security.web.access.intercept.FilterSecurityInterceptor@5b31a9e3]
21-07-2022 22:41:42.305 INFO org.springframework.boot.web.embedded.tomcat.TomcatWebServer [main] Tomcat started on port(s): 5555 (http) with context path ''
21-07-2022 22:41:42.310 INFO springfox.documentation.spring.web.plugins.DocumentationPluginsBootstrapper [main] Context refreshed
21-07-2022 22:41:42.322 INFO springfox.documentation.spring.web.plugins.DocumentationPluginsBootstrapper [main] Found 1 custom documentation plugin(s)
21-07-2022 22:41:42.329 INFO springfox.documentation.spring.web.scanners.ApiListingReferenceScanner [main] Scanning for api listing references
21-07-2022 22:41:42.560 INFO org.springframework.boot.StartupInfoLogger [main] Started ReportexApplication in 7.741 seconds (JVM running for 8.764)
21-07-2022 22:41:58.233 INFO org.apache.juli.logging.DirectJDKLog [http-nio-5555-exec-1] Initializing Spring DispatcherServlet 'dispatcherServlet'
21-07-2022 22:41:58.234 INFO org.springframework.web.servlet.FrameworkServlet [http-nio-5555-exec-1] Initializing Servlet 'dispatcherServlet'
21-07-2022 22:41:58.235 INFO org.springframework.web.servlet.FrameworkServlet [http-nio-5555-exec-1] Completed initialization in 1 ms
